
> sable@1.14.0 build /Users/evie/git/Sable
> vite build

vite v7.3.1 building client environment for production...
transforming...
✓ 8032 modules transformed.
rendering chunks...
computing gzip size...
[vite-plugin-static-copy] Copied 10 items.
dist/.assetsignore                                               0.02 kB
dist/assets/index-Ds5yF1gS.js.br                                 0.07 kB
dist/assets/index-Ds5yF1gS.js.map.br                             0.41 kB
dist/wrangler.json.br                                            0.42 kB
dist/assets/cinny-logo-maskable-36x36-CT1Bq-jJ.png               0.79 kB
dist/index.html.br                                               0.88 kB
dist/assets/cinny-logo-maskable-DXG8PKa6.svg.br                  0.96 kB
dist/wrangler.json                                               1.00 kB │ gzip:     0.54 kB
dist/assets/cinny-logo-maskable-48x48-DfxQ4FEO.png               1.08 kB
dist/assets/cinny-logo-maskable-57x57-B_a6RKlt.png               1.28 kB
dist/assets/cinny-logo-maskable-60x60-uAvO2kwU.png               1.35 kB
dist/assets/cinny-logo-maskable-72x72-ChMts4zW.png               1.59 kB
dist/assets/cinny-logo-maskable-96x96-DeladQJ2.png               2.08 kB
dist/assets/cinny-logo-maskable-114x114-BRz0LILn.png             2.45 kB
dist/assets/cinny-logo-maskable-DXG8PKa6.svg                     2.56 kB │ gzip:     1.12 kB
dist/assets/cinny-logo-maskable-120x120-BBcwUWQZ.png             2.59 kB
dist/assets/cinny-logo-maskable-144x144-CitAVeb0.png             3.08 kB
dist/assets/cinny-logo-maskable-152x152-Di3nKfIW.png             3.26 kB
dist/assets/cinny-logo-maskable-167x167-Dk9KG9Yi.png             3.59 kB
dist/assets/cinny-logo-maskable-180x180-RAgvvHf4.png             3.79 kB
dist/assets/cinny-logo-maskable-192x192-BHxZuLYc.png             4.06 kB
dist/assets/favicon-CemZgig7.png                                 4.15 kB
dist/index.html                                                  4.28 kB │ gzip:     1.17 kB
dist/assets/arborium-4uGfF3G6.js.br                              4.54 kB
dist/assets/arborium-4uGfF3G6.js.map.br                          4.98 kB
dist/assets/space-mono-vietnamese-700-italic-BwPKnf-l.woff       5.24 kB
dist/assets/space-mono-vietnamese-400-normal-B0PMp_xB.woff       5.41 kB
dist/assets/space-mono-vietnamese-700-normal-D-KrLuLr.woff       5.45 kB
dist/assets/cinny-logo-maskable-256x256-B_icl17M.png             5.58 kB
dist/assets/space-mono-vietnamese-400-italic-DvlTUS1j.woff       5.88 kB
dist/assets/space-mono-vietnamese-400-normal-BNOj0Qhp.woff2      7.27 kB
dist/assets/space-mono-vietnamese-700-normal-DWQgDHuA.woff2      7.33 kB
dist/assets/space-mono-vietnamese-700-italic-i2bR4MHS.woff2      7.39 kB
dist/assets/cinny-logo-maskable-384x384-DA-2uwBp.png             8.52 kB
dist/assets/space-mono-vietnamese-400-italic-CyQIvI4V.woff2      9.69 kB
dist/assets/notification-EtLMRd0T.ogg                           11.30 kB
dist/assets/cinny-logo-maskable-512x512-dB91iLyU.png            11.87 kB
dist/assets/space-mono-latin-400-normal-_3DlpgIW.woff           12.31 kB
dist/assets/space-mono-latin-700-normal-D7A851RN.woff           12.42 kB
dist/assets/space-mono-latin-ext-700-normal-B_E7P90g.woff       12.48 kB
dist/assets/space-mono-latin-ext-400-normal-D4cJI_B-.woff       12.61 kB
dist/assets/space-mono-latin-ext-400-italic-DYA_DB_l.woff       12.89 kB
dist/assets/nunito-vietnamese-wght-normal-U01xdrZh.woff2        13.10 kB
dist/assets/space-mono-latin-ext-700-italic-CbHMtIk0.woff       13.14 kB
dist/assets/space-mono-latin-700-italic-B8C1HgwN.woff           13.65 kB
dist/assets/space-mono-latin-400-italic-zmx7Qf09.woff           13.82 kB
dist/assets/nunito-vietnamese-wght-italic-5K55R7rt.woff2        14.77 kB
dist/assets/space-mono-latin-ext-700-normal-B2s3bDs2.woff2      15.81 kB
dist/assets/space-mono-latin-ext-400-normal-DTLbW2xa.woff2      15.83 kB
dist/assets/space-mono-latin-400-normal-Rg4St2Dn.woff2          16.52 kB
dist/assets/space-mono-latin-700-normal-mWgeinG7.woff2          16.72 kB
dist/assets/space-mono-latin-ext-400-italic-x3PrlAeq.woff2      17.20 kB
dist/assets/space-mono-latin-ext-700-italic-CkCrmjWu.woff2      17.74 kB
dist/assets/space-mono-latin-400-italic-YylcN9Ay.woff2          18.30 kB
dist/assets/space-mono-latin-700-italic-vNvENeTh.woff2          18.64 kB
dist/assets/index-C5lozGWL.css.br                               20.47 kB
dist/assets/nunito-cyrillic-wght-normal-CY6AOgYE.woff2          20.78 kB
dist/assets/nunito-cyrillic-wght-italic-AGUkry7S.woff2          22.90 kB
dist/assets/nunito-cyrillic-ext-wght-normal-D4X5GqEv.woff2      28.93 kB
dist/assets/nunito-cyrillic-ext-wght-italic-C7FdRbwB.woff2      31.51 kB
dist/assets/invite-DROg5x7-.ogg                                 32.67 kB
dist/assets/nunito-latin-ext-wght-normal-CXYtwYOx.woff2         35.59 kB
dist/assets/nunito-latin-ext-wght-italic-CmZo11nB.woff2         39.07 kB
dist/assets/nunito-latin-wght-normal-BzFMHfZw.woff2             39.13 kB
dist/assets/index-ByL9e3j1.js.br                                39.36 kB
dist/assets/nunito-latin-wght-italic-ZB3Aladm.woff2             41.76 kB
dist/assets/pdf-DEJ3BJS6.js.br                                 130.24 kB
dist/assets/ringtone-4rwYiCEg.webm                             139.95 kB
dist/assets/index-ByL9e3j1.js.map.br                           140.69 kB
dist/assets/pdf-DEJ3BJS6.js.map.br                             290.20 kB
dist/assets/index-BTNFNN8W.js.map.br                           302.21 kB
dist/assets/Twemoji.Mozilla.v15.1.0-CM1RS90w.woff2             491.74 kB
dist/assets/index-BTNFNN8W.js.br                               951.42 kB
dist/assets/matrix_sdk_crypto_wasm_bg-dMeGppz-.wasm.br       1,333.88 kB
dist/assets/Twemoji.Mozilla.v15.1.0-DHQZm25T.ttf             1,451.58 kB
dist/assets/matrix_sdk_crypto_wasm_bg-dMeGppz-.wasm          5,513.88 kB │ gzip: 1,831.16 kB
dist/assets/index-C5lozGWL.css                                 156.09 kB │ gzip:    25.73 kB
dist/assets/index-Ds5yF1gS.js                                    0.08 kB │ gzip:     0.09 kB │ map:     0.96 kB
dist/assets/arborium-4uGfF3G6.js                                20.65 kB │ gzip:     5.16 kB │ map:    21.44 kB
dist/assets/index-ByL9e3j1.js                                  272.42 kB │ gzip:    47.99 kB │ map:   950.66 kB
dist/assets/pdf-DEJ3BJS6.js                                    755.04 kB │ gzip:   165.12 kB │ map: 1,505.59 kB
dist/assets/index-BTNFNN8W.js                                6,603.34 kB │ gzip: 1,316.26 kB │ map: 1,618.30 kB

(!) Some chunks are larger than 500 kB after minification. Consider:
- Using dynamic import() to code-split the application
- Use build.rollupOptions.output.manualChunks to improve chunking: https://rollupjs.org/configuration-options/#output-manualchunks
- Adjust chunk size limit for this warning via build.chunkSizeWarningLimit.

PWA v1.2.0
Building src/sw.ts service worker ("es" format)...
vite v7.3.1 building client environment for production...
transforming...
✓ 61 modules transformed.
rendering chunks...
computing gzip size...
dist/sw.mjs  37.52 kB │ gzip: 11.63 kB │ map: 232.66 kB

PWA v1.2.0
mode      injectManifest
format:   es
precache  9 entries (14223.46 KiB)
files generated
  dist/sw.js
  dist/sw.js.map
